<?xml version="1.0" encoding="UTF-8"?>
<!-- Generated by org.testng.reporters.JUnitReportReporter -->
<testsuite skipped="0" hostname="LAPTOP-19TF375Q" name="com.inetbanking.testcases.TC_LoginTest_001" tests="1" failures="0" timestamp="2021-01-21T08:44:58 IST" time="9.706" errors="0">
  <testcase name="loginTest" time="9.706" classname="com.inetbanking.testcases.TC_LoginTest_001"/>
  <system-out/>
</testsuite> <!-- com.inetbanking.testcases.TC_LoginTest_001 -->
